error: Found argument '--websocket-port' which wasn't expected, or isn't valid in this context

USAGE:
    geckodriver [FLAGS] [OPTIONS]

For more information try --help
error: Found argument '--websocket-port' which wasn't expected, or isn't valid in this context

USAGE:
    geckodriver [FLAGS] [OPTIONS]

For more information try --help
1649361320435	geckodriver	INFO	Listening on 127.0.0.1:51595
1649361320441	mozrunner::runner	INFO	Running command: "/usr/bin/firefox" "--marionette" "--remote-debugging-port" "49997" "-no-remote" "-profile" "/tmp/rust_mozprofileKBOuDK"
ATTENTION: default value of option mesa_glthread overridden by environment.
ATTENTION: default value of option mesa_glthread overridden by environment.
ATTENTION: default value of option mesa_glthread overridden by environment.
ATTENTION: default value of option mesa_glthread overridden by environment.
1649361322638	Marionette	INFO	Marionette enabled
console.warn: SearchSettings: "get: No settings file exists, new profile?" (new NotFoundError("Could not open the file at /tmp/rust_mozprofileKBOuDK/search.json.mozlz4", (void 0)))
DevTools listening on ws://localhost:49997/devtools/browser/1b70811f-a7f1-4b08-b2d2-71fa689f1267
1649361327139	Marionette	INFO	Listening on port 34065
1649361327288	RemoteAgent	WARN	TLS certificate errors will be ignored for this session
ATTENTION: default value of option mesa_glthread overridden by environment.
JavaScript warning: https://pagead2.googlesyndication.com/bg/287vsxWa92ZzAf4Hva6mMSSE5qc9GsoRRsyFmqSdVGI.js line 1 > eval line 1826 > eval line 1 > eval line 1 > eval, line 1: WEBGL_debug_renderer_info is deprecated in Firefox and will be removed. Please use RENDERER.
JavaScript error: , line 0: TypeError: NetworkError when attempting to fetch resource.
1649361361177	Marionette	INFO	Stopped listening on port 34065
console.warn: TopSitesFeed: Failed to fetch data from Contile server: NetworkError when attempting to fetch resource.

###!!! [Parent][PImageBridgeParent] Error: RunMessage(msgname=PImageBridge::Msg_WillClose) Channel closing: too late to send/recv, messages will be lost

1649362181242	geckodriver	INFO	Listening on 127.0.0.1:55353
1649362181749	mozrunner::runner	INFO	Running command: "/usr/bin/firefox" "--marionette" "--remote-debugging-port" "51841" "-no-remote" "-profile" "/tmp/rust_mozprofileyXWwpX"
ATTENTION: default value of option mesa_glthread overridden by environment.
ATTENTION: default value of option mesa_glthread overridden by environment.
ATTENTION: default value of option mesa_glthread overridden by environment.
ATTENTION: default value of option mesa_glthread overridden by environment.
1649362182944	Marionette	INFO	Marionette enabled
console.warn: SearchSettings: "get: No settings file exists, new profile?" (new NotFoundError("Could not open the file at /tmp/rust_mozprofileyXWwpX/search.json.mozlz4", (void 0)))
DevTools listening on ws://localhost:51841/devtools/browser/5a1509a0-b7fe-4114-a923-94762f8278d5
1649362185254	Marionette	INFO	Listening on port 37143
1649362185298	RemoteAgent	WARN	TLS certificate errors will be ignored for this session
ATTENTION: default value of option mesa_glthread overridden by environment.
JavaScript warning: https://pagead2.googlesyndication.com/bg/287vsxWa92ZzAf4Hva6mMSSE5qc9GsoRRsyFmqSdVGI.js line 1 > eval line 3008 > eval line 1 > eval line 1 > eval, line 1: WEBGL_debug_renderer_info is deprecated in Firefox and will be removed. Please use RENDERER.
1649362204899	Marionette	INFO	Stopped listening on port 37143
JavaScript error: , line 0: TypeError: NetworkError when attempting to fetch resource.
1649362794265	geckodriver	INFO	Listening on 127.0.0.1:41867
1649362794270	mozrunner::runner	INFO	Running command: "/usr/bin/firefox" "--marionette" "--remote-debugging-port" "35353" "-no-remote" "-profile" "/tmp/rust_mozprofilejokbmP"
ATTENTION: default value of option mesa_glthread overridden by environment.
ATTENTION: default value of option mesa_glthread overridden by environment.
ATTENTION: default value of option mesa_glthread overridden by environment.
ATTENTION: default value of option mesa_glthread overridden by environment.
1649362795445	Marionette	INFO	Marionette enabled
console.warn: SearchSettings: "get: No settings file exists, new profile?" (new NotFoundError("Could not open the file at /tmp/rust_mozprofilejokbmP/search.json.mozlz4", (void 0)))
DevTools listening on ws://localhost:35353/devtools/browser/f176851b-993c-4188-b9b8-aa14bf9c7c95
1649362797556	Marionette	INFO	Listening on port 39565
1649362797609	RemoteAgent	WARN	TLS certificate errors will be ignored for this session
ATTENTION: default value of option mesa_glthread overridden by environment.
JavaScript warning: https://pagead2.googlesyndication.com/bg/287vsxWa92ZzAf4Hva6mMSSE5qc9GsoRRsyFmqSdVGI.js line 1 > eval line 4010 > eval line 1 > eval line 1 > eval, line 1: WEBGL_debug_renderer_info is deprecated in Firefox and will be removed. Please use RENDERER.
1649362815420	Marionette	INFO	Stopped listening on port 39565
JavaScript error: , line 0: TypeError: NetworkError when attempting to fetch resource.

###!!! [Parent][PImageBridgeParent] Error: RunMessage(msgname=PImageBridge::Msg_WillClose) Channel closing: too late to send/recv, messages will be lost

1649363099862	geckodriver	INFO	Listening on 127.0.0.1:49529
1649363100370	mozrunner::runner	INFO	Running command: "/usr/bin/firefox" "--marionette" "--remote-debugging-port" "55407" "-no-remote" "-profile" "/tmp/rust_mozprofileZN3AgJ"
ATTENTION: default value of option mesa_glthread overridden by environment.
ATTENTION: default value of option mesa_glthread overridden by environment.
ATTENTION: default value of option mesa_glthread overridden by environment.
ATTENTION: default value of option mesa_glthread overridden by environment.
1649363101625	Marionette	INFO	Marionette enabled
console.warn: SearchSettings: "get: No settings file exists, new profile?" (new NotFoundError("Could not open the file at /tmp/rust_mozprofileZN3AgJ/search.json.mozlz4", (void 0)))
DevTools listening on ws://localhost:55407/devtools/browser/9351d119-3dfc-45f1-90d5-cfe69623d7d1
1649363104024	Marionette	INFO	Listening on port 43847
1649363104110	RemoteAgent	WARN	TLS certificate errors will be ignored for this session
ATTENTION: default value of option mesa_glthread overridden by environment.
JavaScript warning: https://pagead2.googlesyndication.com/bg/287vsxWa92ZzAf4Hva6mMSSE5qc9GsoRRsyFmqSdVGI.js line 1 > eval line 2205 > eval line 1 > eval line 1 > eval, line 1: WEBGL_debug_renderer_info is deprecated in Firefox and will be removed. Please use RENDERER.
1649363119024	Marionette	INFO	Stopped listening on port 43847
JavaScript error: , line 0: TypeError: NetworkError when attempting to fetch resource.
1649363209522	geckodriver	INFO	Listening on 127.0.0.1:39139
1649363209527	mozrunner::runner	INFO	Running command: "/usr/bin/firefox" "--marionette" "--remote-debugging-port" "49739" "-no-remote" "-profile" "/tmp/rust_mozprofileVy9MQK"
ATTENTION: default value of option mesa_glthread overridden by environment.
ATTENTION: default value of option mesa_glthread overridden by environment.
ATTENTION: default value of option mesa_glthread overridden by environment.
ATTENTION: default value of option mesa_glthread overridden by environment.
1649363210928	Marionette	INFO	Marionette enabled
console.warn: SearchSettings: "get: No settings file exists, new profile?" (new NotFoundError("Could not open the file at /tmp/rust_mozprofileVy9MQK/search.json.mozlz4", (void 0)))
DevTools listening on ws://localhost:49739/devtools/browser/3148860d-4433-4651-95ca-b55a64bb3bff
1649363213706	Marionette	INFO	Listening on port 37097
1649363213808	RemoteAgent	WARN	TLS certificate errors will be ignored for this session
ATTENTION: default value of option mesa_glthread overridden by environment.
JavaScript warning: https://pagead2.googlesyndication.com/bg/287vsxWa92ZzAf4Hva6mMSSE5qc9GsoRRsyFmqSdVGI.js line 1 > eval line 5196 > eval line 1 > eval line 1 > eval, line 1: WEBGL_debug_renderer_info is deprecated in Firefox and will be removed. Please use RENDERER.
1649363237909	Marionette	INFO	Stopped listening on port 37097
JavaScript error: , line 0: TypeError: NetworkError when attempting to fetch resource.
1649363240250	geckodriver	INFO	Listening on 127.0.0.1:60731
1649363240758	mozrunner::runner	INFO	Running command: "/usr/bin/firefox" "--marionette" "--remote-debugging-port" "42297" "-no-remote" "-profile" "/tmp/rust_mozprofilegrz1oi"
ATTENTION: default value of option mesa_glthread overridden by environment.
ATTENTION: default value of option mesa_glthread overridden by environment.
ATTENTION: default value of option mesa_glthread overridden by environment.
ATTENTION: default value of option mesa_glthread overridden by environment.
1649363242044	Marionette	INFO	Marionette enabled
console.warn: SearchSettings: "get: No settings file exists, new profile?" (new NotFoundError("Could not open the file at /tmp/rust_mozprofilegrz1oi/search.json.mozlz4", (void 0)))
DevTools listening on ws://localhost:42297/devtools/browser/30c3db59-af8e-4c47-9ad8-f55ec1598d78
1649363244507	Marionette	INFO	Listening on port 39537
1649363244597	RemoteAgent	WARN	TLS certificate errors will be ignored for this session
1649363252688	Marionette	WARN	TimedPromise timed out after 500 ms: stacktrace:
TimedPromise/<@chrome://remote/content/marionette/sync.js:235:19
TimedPromise@chrome://remote/content/marionette/sync.js:220:10
interaction.flushEventLoop@chrome://remote/content/marionette/interaction.js:431:10
webdriverClickElement@chrome://remote/content/marionette/interaction.js:179:31
ATTENTION: default value of option mesa_glthread overridden by environment.
JavaScript warning: https://pagead2.googlesyndication.com/bg/287vsxWa92ZzAf4Hva6mMSSE5qc9GsoRRsyFmqSdVGI.js line 1 > eval line 113 > eval line 1 > eval line 1 > eval, line 1: WEBGL_debug_renderer_info is deprecated in Firefox and will be removed. Please use RENDERER.
1649363256051	Marionette	INFO	Stopped listening on port 39537
JavaScript error: , line 0: TypeError: NetworkError when attempting to fetch resource.
console.warn: TopSitesFeed: Failed to fetch data from Contile server: NetworkError when attempting to fetch resource.
1649363257850	geckodriver	INFO	Listening on 127.0.0.1:55647
1649363258357	mozrunner::runner	INFO	Running command: "/usr/bin/firefox" "--marionette" "--remote-debugging-port" "36853" "-no-remote" "-profile" "/tmp/rust_mozprofilehVj9nt"
ATTENTION: default value of option mesa_glthread overridden by environment.
ATTENTION: default value of option mesa_glthread overridden by environment.
ATTENTION: default value of option mesa_glthread overridden by environment.
ATTENTION: default value of option mesa_glthread overridden by environment.
1649363259694	Marionette	INFO	Marionette enabled
console.warn: SearchSettings: "get: No settings file exists, new profile?" (new NotFoundError("Could not open the file at /tmp/rust_mozprofilehVj9nt/search.json.mozlz4", (void 0)))
DevTools listening on ws://localhost:36853/devtools/browser/20fef4da-2622-4b70-af40-c9aa5427d3b3
1649363262282	Marionette	INFO	Listening on port 41841
1649363262404	RemoteAgent	WARN	TLS certificate errors will be ignored for this session
ATTENTION: default value of option mesa_glthread overridden by environment.
JavaScript warning: https://pagead2.googlesyndication.com/bg/287vsxWa92ZzAf4Hva6mMSSE5qc9GsoRRsyFmqSdVGI.js line 1 > eval line 5518 > eval line 1 > eval line 1 > eval, line 1: WEBGL_debug_renderer_info is deprecated in Firefox and will be removed. Please use RENDERER.
1649363282252	Marionette	INFO	Stopped listening on port 41841
JavaScript error: , line 0: TypeError: NetworkError when attempting to fetch resource.
console.warn: TopSitesFeed: Failed to fetch data from Contile server: NetworkError when attempting to fetch resource.

###!!! [Parent][PBackgroundParent] Error: RunMessage(msgname=PRemoteWorkerService::Msg___delete__) Channel closing: too late to send/recv, messages will be lost

